Start testing: Mar 26 09:04 UTC
----------------------------------------------------------
Unable to find executable: /home/runner/work/compile-time-graph/compile-time-graph/build/tests/test_coloring
1/1 Testing: ColoringTest
1/1 Test: ColoringTest
Command: ""
Directory: /home/runner/work/compile-time-graph/compile-time-graph/build/tests
"ColoringTest" start time: 
Output:
----------------------------------------------------------
<end of output>
Test time =   0.00 sec
----------------------------------------------------------
Test Passed.
"ColoringTest" end time: Mar 26 09:04 UTC
"ColoringTest" time elapsed: 00:00:00
----------------------------------------------------------

End testing: Mar 26 09:04 UTC
